<?xml version="1.0" encoding="UTF-8"?>
<!-- Generated by org.testng.reporters.JUnitReportReporter -->
<testsuite skipped="1" hostname="AIPL-PUN-LT-081" name="com.qa.hubspot.tests.ContactsPageTest" tests="2" failures="0" timestamp="13 May 2020 16:29:16 GMT" time="17.849" errors="0">
  <testcase name="verifyContactsPageTitle" time="17.849" classname="com.qa.hubspot.tests.ContactsPageTest"/>
  <testcase name="createContactsTest" classname="com.qa.hubspot.tests.ContactsPageTest">
    <skipped/>
  </testcase> <!-- createContactsTest -->
</testsuite> <!-- com.qa.hubspot.tests.ContactsPageTest -->
