<?xml version="1.0" encoding="UTF-8"?>
<!-- Generated by org.testng.reporters.JUnitReportReporter -->
<testsuite skipped="1" hostname="AIPL-PUN-LT-081" name="com.qa.hubspot.tests.LoginPageTest" tests="4" failures="0" timestamp="2020-05-10T22:41:35 IST" time="13.699" errors="0">
  <testcase name="verifyLoginPageTitleTest" time="2.914" classname="com.qa.hubspot.tests.LoginPageTest"/>
  <system-out/>
  <testcase name="signUpLinkTest" time="0.938" classname="com.qa.hubspot.tests.LoginPageTest"/>
  <system-out/>
  <testcase name="loginTest" time="9.847" classname="com.qa.hubspot.tests.LoginPageTest"/>
  <system-out/>
  <testcase name="login_InvalidTestCases" classname="com.qa.hubspot.tests.LoginPageTest">
    <skipped/>
  </testcase> <!-- login_InvalidTestCases -->
  <system-out/>
</testsuite> <!-- com.qa.hubspot.tests.LoginPageTest -->
