<?xml version="1.0" encoding="UTF-8"?>
<!-- Generated by org.testng.reporters.JUnitReportReporter -->
<testsuite skipped="0" hostname="AIPL-PUN-LT-081" name="com.qa.hubspot.tests.HomePageTest" tests="3" failures="0" timestamp="2020-05-10T22:41:35 IST" time="2.138" errors="0">
  <testcase name="verifyHomePageTitleTest" time="0.046" classname="com.qa.hubspot.tests.HomePageTest"/>
  <system-out/>
  <testcase name="verifyHomePageHeaderTest" time="0.685" classname="com.qa.hubspot.tests.HomePageTest"/>
  <system-out/>
  <testcase name="getLoggedInUserTest" time="1.407" classname="com.qa.hubspot.tests.HomePageTest"/>
  <system-out/>
</testsuite> <!-- com.qa.hubspot.tests.HomePageTest -->
