<?xml version="1.0" encoding="UTF-8"?>
<!-- Generated by org.testng.reporters.JUnitReportReporter -->
<testsuite skipped="0" hostname="AIPL-PUN-LT-081" name="com.qa.hubspot.tests.HomePageTest" tests="3" failures="0" timestamp="13 May 2020 17:43:41 GMT" time="0.178" errors="0">
  <testcase name="verifyHomePageTitleTest" time="0.018" classname="com.qa.hubspot.tests.HomePageTest"/>
  <testcase name="verifyHomePageHeaderTest" time="0.052" classname="com.qa.hubspot.tests.HomePageTest"/>
  <testcase name="getLoggedInUserTest" time="0.108" classname="com.qa.hubspot.tests.HomePageTest"/>
</testsuite> <!-- com.qa.hubspot.tests.HomePageTest -->
