<?xml version="1.0" encoding="UTF-8"?>
<!-- Generated by org.testng.reporters.JUnitReportReporter -->
<testsuite skipped="1" hostname="AIPL-PUN-LT-081" name="com.qa.hubspot.tests.LoginPageTest" tests="6" failures="0" timestamp="13 May 2020 16:31:23 GMT" time="10.851" errors="0">
  <testcase name="verifyForgotPasswordLinkText" time="5.351" classname="com.qa.hubspot.tests.LoginPageTest"/>
  <testcase name="verifyShowPassowordLinkText" time="0.080" classname="com.qa.hubspot.tests.LoginPageTest"/>
  <testcase name="verifyLoginPageTitleTest" time="0.040" classname="com.qa.hubspot.tests.LoginPageTest"/>
  <testcase name="signUpLinkTest" time="0.104" classname="com.qa.hubspot.tests.LoginPageTest"/>
  <testcase name="loginTest" time="5.276" classname="com.qa.hubspot.tests.LoginPageTest"/>
  <testcase name="login_InvalidTestCases" classname="com.qa.hubspot.tests.LoginPageTest">
    <skipped/>
  </testcase> <!-- login_InvalidTestCases -->
</testsuite> <!-- com.qa.hubspot.tests.LoginPageTest -->
